
/home/runner/work/exp-speech-production-mechanism-iiith/exp-speech-production-mechanism-iiith/experiment/simulation/js/bootstrap.js
    17:3  warning  'jQuery' is not defined                                     no-undef
    77:3  warning  'jQuery' is not defined                                     no-undef
   172:3  warning  'jQuery' is not defined                                     no-undef
   293:3  warning  'jQuery' is not defined                                     no-undef
   531:3  warning  'jQuery' is not defined                                     no-undef
   661:7  warning  Unexpected newline between object and [ of property access  no-unexpected-multiline
   743:3  warning  'jQuery' is not defined                                     no-undef
   909:3  warning  'jQuery' is not defined                                     no-undef
  1247:3  warning  'jQuery' is not defined                                     no-undef
  1762:3  warning  'jQuery' is not defined                                     no-undef
  1871:3  warning  'jQuery' is not defined                                     no-undef
  2044:3  warning  'jQuery' is not defined                                     no-undef
  2200:3  warning  'jQuery' is not defined                                     no-undef
  2363:3  warning  'jQuery' is not defined                                     no-undef

/home/runner/work/exp-speech-production-mechanism-iiith/exp-speech-production-mechanism-iiith/experiment/simulation/js/bootstrap.min.js
  6:285    warning  'jQuery' is not defined                 no-undef
  6:1041   warning  'jQuery' is not defined                 no-undef
  6:1975   warning  'jQuery' is not defined                 no-undef
  6:3839   warning  'jQuery' is not defined                 no-undef
  6:7882   warning  'jQuery' is not defined                 no-undef
  6:11250  warning  'jQuery' is not defined                 no-undef
  6:13595  warning  'jQuery' is not defined                 no-undef
  6:19576  warning  'jQuery' is not defined                 no-undef
  6:27121  warning  'a' is assigned a value but never used  no-unused-vars
  6:28444  warning  'jQuery' is not defined                 no-undef
  6:30033  warning  'jQuery' is not defined                 no-undef
  7:416    warning  'jQuery' is not defined                 no-undef
  7:2236   warning  'jQuery' is not defined                 no-undef
  7:4649   warning  'jQuery' is not defined                 no-undef

/home/runner/work/exp-speech-production-mechanism-iiith/exp-speech-production-mechanism-iiith/experiment/simulation/js/custom.js
   8:1   warning  '$' is not defined  no-undef
   9:5   warning  '$' is not defined  no-undef
  10:23  warning  '$' is not defined  no-undef
  11:9   warning  '$' is not defined  no-undef
  12:24  warning  '$' is not defined  no-undef
  19:1   warning  '$' is not defined  no-undef
  20:5   warning  '$' is not defined  no-undef
  21:9   warning  '$' is not defined  no-undef
  21:72  warning  '$' is not defined  no-undef
  23:9   warning  '$' is not defined  no-undef
  25:9   warning  '$' is not defined  no-undef
  30:1   warning  '$' is not defined  no-undef
  35:1   warning  '$' is not defined  no-undef
  36:5   warning  '$' is not defined  no-undef

/home/runner/work/exp-speech-production-mechanism-iiith/exp-speech-production-mechanism-iiith/experiment/simulation/js/exp2-01.js
    3:18  warning  'WaveSurfer' is not defined                 no-undef
   12:10  warning  'clearcontent' is defined but never used    no-unused-vars
   18:32  warning  'WaveSurfer' is not defined                 no-undef
   27:10  warning  'zoom' is defined but never used            no-unused-vars
   32:10  warning  'playButton' is defined but never used      no-unused-vars
   36:10  warning  'LoadExperiment' is defined but never used  no-unused-vars
   44:10  warning  'preload' is defined but never used         no-unused-vars
   45:14  warning  'loadStrings' is not defined                no-undef
   46:14  warning  'loadStrings' is not defined                no-undef
   47:14  warning  'loadStrings' is not defined                no-undef
   48:14  warning  'loadStrings' is not defined                no-undef
   49:16  warning  'loadStrings' is not defined                no-undef
   50:16  warning  'loadStrings' is not defined                no-undef
   51:16  warning  'loadStrings' is not defined                no-undef
   52:16  warning  'loadStrings' is not defined                no-undef
   55:10  warning  'setup' is defined but never used           no-unused-vars
   56:3   warning  'noCanvas' is not defined                   no-undef
  106:10  warning  'verify' is defined but never used          no-unused-vars
  131:26  warning  'tr' is not defined                         no-undef
  135:9   warning  'tr' is not defined                         no-undef
  135:25  warning  'td' is not defined                         no-undef
  140:11  warning  'td' is not defined                         no-undef
  153:11  warning  'td' is not defined                         no-undef
  160:13  warning  'select_fields' is not defined              no-undef
  162:13  warning  'select_option' is not defined              no-undef
  169:27  warning  'select_fields' is not defined              no-undef
  172:15  warning  'select_option' is not defined              no-undef
  174:17  warning  'select_fields' is not defined              no-undef
  178:17  warning  'select_fields' is not defined              no-undef
  182:13  warning  'select_option' is not defined              no-undef
  184:13  warning  'td' is not defined                         no-undef
  184:28  warning  'select_option' is not defined              no-undef
  191:13  warning  'select_fields' is not defined              no-undef
  193:13  warning  'select_option' is not defined              no-undef
  199:19  warning  'field_itr' is already defined              no-redeclare
  200:27  warning  'select_fields' is not defined              no-undef
  203:15  warning  'select_option' is not defined              no-undef
  205:17  warning  'select_fields' is not defined              no-undef
  209:17  warning  'select_fields' is not defined              no-undef
  213:13  warning  'select_option' is not defined              no-undef
  215:13  warning  'td' is not defined                         no-undef
  215:28  warning  'select_option' is not defined              no-undef
  222:13  warning  'select_fields' is not defined              no-undef
  224:13  warning  'select_option' is not defined              no-undef
  230:19  warning  'field_itr' is already defined              no-redeclare
  231:27  warning  'select_fields' is not defined              no-undef
  234:15  warning  'select_option' is not defined              no-undef
  236:17  warning  'select_fields' is not defined              no-undef
  240:17  warning  'select_fields' is not defined              no-undef
  244:13  warning  'select_option' is not defined              no-undef
  246:13  warning  'td' is not defined                         no-undef
  246:28  warning  'select_option' is not defined              no-undef
  256:14  warning  'itr' is already defined                    no-redeclare
  257:26  warning  'tr' is not defined                         no-undef
  258:11  warning  'fields' is already defined                 no-redeclare
  260:16  warning  'i' is already defined                      no-redeclare
  261:9   warning  'tr' is not defined                         no-undef
  261:25  warning  'td' is not defined                         no-undef
  264:15  warning  'begin' is already defined                  no-redeclare
  265:15  warning  'end' is already defined                    no-redeclare
  266:11  warning  'td' is not defined                         no-undef
  279:11  warning  'td' is not defined                         no-undef
  284:17  warning  'option' is already defined                 no-redeclare
  286:13  warning  'select_fields' is not defined              no-undef
  288:13  warning  'select_option' is not defined              no-undef
  294:19  warning  'field_itr' is already defined              no-redeclare
  295:27  warning  'select_fields' is not defined              no-undef
  298:15  warning  'select_option' is not defined              no-undef
  300:17  warning  'select_fields' is not defined              no-undef
  304:17  warning  'select_fields' is not defined              no-undef
  308:13  warning  'select_option' is not defined              no-undef
  310:13  warning  'td' is not defined                         no-undef
  310:28  warning  'select_option' is not defined              no-undef
  314:17  warning  'manner_list' is already defined            no-redeclare
  317:13  warning  'select_fields' is not defined              no-undef
  319:13  warning  'select_option' is not defined              no-undef
  325:19  warning  'field_itr' is already defined              no-redeclare
  326:27  warning  'select_fields' is not defined              no-undef
  329:15  warning  'select_option' is not defined              no-undef
  331:17  warning  'select_fields' is not defined              no-undef
  335:17  warning  'select_fields' is not defined              no-undef
  339:13  warning  'select_option' is not defined              no-undef
  341:13  warning  'td' is not defined                         no-undef
  341:28  warning  'select_option' is not defined              no-undef
  345:17  warning  'placelist' is already defined              no-redeclare
  348:13  warning  'select_fields' is not defined              no-undef
  350:13  warning  'select_option' is not defined              no-undef
  356:19  warning  'field_itr' is already defined              no-redeclare
  357:27  warning  'select_fields' is not defined              no-undef
  360:15  warning  'select_option' is not defined              no-undef
  362:17  warning  'select_fields' is not defined              no-undef
  366:17  warning  'select_fields' is not defined              no-undef
  370:13  warning  'select_option' is not defined              no-undef
  372:13  warning  'td' is not defined                         no-undef
  372:28  warning  'select_option' is not defined              no-undef
  382:14  warning  'itr' is already defined                    no-redeclare
  383:26  warning  'tr' is not defined                         no-undef
  384:11  warning  'fields' is already defined                 no-redeclare
  386:16  warning  'i' is already defined                      no-redeclare
  387:9   warning  'tr' is not defined                         no-undef
  387:25  warning  'td' is not defined                         no-undef
  390:15  warning  'begin' is already defined                  no-redeclare
  391:15  warning  'end' is already defined                    no-redeclare
  392:11  warning  'td' is not defined                         no-undef
  405:11  warning  'td' is not defined                         no-undef
  410:17  warning  'option' is already defined                 no-redeclare
  412:13  warning  'select_fields' is not defined              no-undef
  414:13  warning  'select_option' is not defined              no-undef
  420:19  warning  'field_itr' is already defined              no-redeclare
  421:27  warning  'select_fields' is not defined              no-undef
  424:15  warning  'select_option' is not defined              no-undef
  426:17  warning  'select_fields' is not defined              no-undef
  430:17  warning  'select_fields' is not defined              no-undef
  434:13  warning  'select_option' is not defined              no-undef
  436:13  warning  'td' is not defined                         no-undef
  436:28  warning  'select_option' is not defined              no-undef
  440:17  warning  'manner_list' is already defined            no-redeclare
  443:13  warning  'select_fields' is not defined              no-undef
  445:13  warning  'select_option' is not defined              no-undef
  451:19  warning  'field_itr' is already defined              no-redeclare
  452:27  warning  'select_fields' is not defined              no-undef
  455:15  warning  'select_option' is not defined              no-undef
  457:17  warning  'select_fields' is not defined              no-undef
  461:17  warning  'select_fields' is not defined              no-undef
  465:13  warning  'select_option' is not defined              no-undef
  467:13  warning  'td' is not defined                         no-undef
  467:28  warning  'select_option' is not defined              no-undef
  471:17  warning  'placelist' is already defined              no-redeclare
  474:13  warning  'select_fields' is not defined              no-undef
  476:13  warning  'select_option' is not defined              no-undef
  482:19  warning  'field_itr' is already defined              no-redeclare
  483:27  warning  'select_fields' is not defined              no-undef
  486:15  warning  'select_option' is not defined              no-undef
  488:17  warning  'select_fields' is not defined              no-undef
  492:17  warning  'select_fields' is not defined              no-undef
  496:13  warning  'select_option' is not defined              no-undef
  498:13  warning  'td' is not defined                         no-undef
  498:28  warning  'select_option' is not defined              no-undef
  508:14  warning  'itr' is already defined                    no-redeclare
  509:26  warning  'tr' is not defined                         no-undef
  510:11  warning  'fields' is already defined                 no-redeclare
  512:16  warning  'i' is already defined                      no-redeclare
  513:9   warning  'tr' is not defined                         no-undef
  513:25  warning  'td' is not defined                         no-undef
  516:15  warning  'begin' is already defined                  no-redeclare
  517:15  warning  'end' is already defined                    no-redeclare
  518:11  warning  'td' is not defined                         no-undef
  531:11  warning  'td' is not defined                         no-undef
  536:17  warning  'option' is already defined                 no-redeclare
  538:13  warning  'select_fields' is not defined              no-undef
  540:13  warning  'select_option' is not defined              no-undef
  546:19  warning  'field_itr' is already defined              no-redeclare
  547:27  warning  'select_fields' is not defined              no-undef
  550:15  warning  'select_option' is not defined              no-undef
  552:17  warning  'select_fields' is not defined              no-undef
  556:17  warning  'select_fields' is not defined              no-undef
  560:13  warning  'select_option' is not defined              no-undef
  562:13  warning  'td' is not defined                         no-undef
  562:28  warning  'select_option' is not defined              no-undef
  566:17  warning  'manner_list' is already defined            no-redeclare
  569:13  warning  'select_fields' is not defined              no-undef
  571:13  warning  'select_option' is not defined              no-undef
  577:19  warning  'field_itr' is already defined              no-redeclare
  578:27  warning  'select_fields' is not defined              no-undef
  581:15  warning  'select_option' is not defined              no-undef
  583:17  warning  'select_fields' is not defined              no-undef
  587:17  warning  'select_fields' is not defined              no-undef
  591:13  warning  'select_option' is not defined              no-undef
  593:13  warning  'td' is not defined                         no-undef
  593:28  warning  'select_option' is not defined              no-undef
  597:17  warning  'placelist' is already defined              no-redeclare
  600:13  warning  'select_fields' is not defined              no-undef
  602:13  warning  'select_option' is not defined              no-undef
  608:19  warning  'field_itr' is already defined              no-redeclare
  609:27  warning  'select_fields' is not defined              no-undef
  612:15  warning  'select_option' is not defined              no-undef
  614:17  warning  'select_fields' is not defined              no-undef
  618:17  warning  'select_fields' is not defined              no-undef
  622:13  warning  'select_option' is not defined              no-undef
  624:13  warning  'td' is not defined                         no-undef
  624:28  warning  'select_option' is not defined              no-undef

/home/runner/work/exp-speech-production-mechanism-iiith/exp-speech-production-mechanism-iiith/experiment/simulation/js/exp2-02-micro.js
  23:26  warning  'WaveSurfer' is not defined  no-undef
  31:21  warning  'WaveSurfer' is not defined  no-undef

/home/runner/work/exp-speech-production-mechanism-iiith/exp-speech-production-mechanism-iiith/experiment/simulation/js/exp2-02.js
  1504:39  error  Parsing error: Invalid number

/home/runner/work/exp-speech-production-mechanism-iiith/exp-speech-production-mechanism-iiith/experiment/simulation/js/jquery.js
  2:58     warning  'module' is not defined                                                    no-undef
  2:73     warning  'module' is not defined                                                    no-undef
  2:6372   warning  Expected a conditional expression and instead saw an assignment            no-cond-assign
  2:6583   warning  Expected a conditional expression and instead saw an assignment            no-cond-assign
  2:6598   warning  Expected a conditional expression and instead saw an assignment            no-cond-assign
  2:7074   warning  Expected a conditional expression and instead saw an assignment            no-cond-assign
  2:7306   warning  Empty block statement                                                      no-empty
  2:7871   warning  Expected a conditional expression and instead saw an assignment            no-cond-assign
  2:9868   warning  Expected a conditional expression and instead saw an assignment            no-cond-assign
  2:11292  warning  Expected a conditional expression and instead saw an assignment            no-cond-assign
  2:11888  warning  Expected a conditional expression and instead saw an assignment            no-cond-assign
  2:11926  warning  Expected a conditional expression and instead saw an assignment            no-cond-assign
  2:12330  warning  Empty block statement                                                      no-empty
  2:12893  warning  Expected a conditional expression and instead saw an assignment            no-cond-assign
  2:13205  warning  Expected a conditional expression and instead saw an assignment            no-cond-assign
  2:15004  warning  Expected a conditional expression and instead saw an assignment            no-cond-assign
  2:15242  warning  Expected a conditional expression and instead saw an assignment            no-cond-assign
  2:15390  warning  Expected a conditional expression and instead saw an assignment            no-cond-assign
  2:15728  warning  Do not access Object.prototype method 'hasOwnProperty' from target object  no-prototype-builtins
  2:16409  warning  Expected a conditional expression and instead saw an assignment            no-cond-assign
  2:18795  warning  Expected a conditional expression and instead saw an assignment            no-cond-assign
  2:18884  warning  Expected a conditional expression and instead saw an assignment            no-cond-assign
  2:18944  warning  Expected a conditional expression and instead saw an assignment            no-cond-assign
  2:20204  warning  Expected a conditional expression and instead saw an assignment            no-cond-assign
  2:20779  warning  Expected a conditional expression and instead saw an assignment            no-cond-assign
  2:20887  warning  Expected a conditional expression and instead saw an assignment            no-cond-assign
  2:22906  warning  Unnecessary escape character: \[                                           no-useless-escape
  2:22908  warning  Unnecessary escape character: \.                                           no-useless-escape
  2:30599  warning  Empty block statement                                                      no-empty
  2:31841  warning  Empty block statement                                                      no-empty
  3:4837   warning  Empty block statement                                                      no-empty
  3:7838   warning  Empty block statement                                                      no-empty
  3:10458  warning  Empty block statement                                                      no-empty
  3:19747  warning  Expected a conditional expression and instead saw an assignment            no-cond-assign
  3:19874  warning  Expected a conditional expression and instead saw an assignment            no-cond-assign
  3:22019  warning  Empty block statement                                                      no-empty
  3:26143  warning  Move function declaration to function body root                            no-inner-declarations
  3:29909  warning  Empty block statement                                                      no-empty
  4:1882   warning  Expected a conditional expression and instead saw an assignment            no-cond-assign
  4:4336   warning  Expected a conditional expression and instead saw an assignment            no-cond-assign
  4:10429  warning  Expected a conditional expression and instead saw an assignment            no-cond-assign
  4:12325  warning  Empty block statement                                                      no-empty
  4:13624  warning  Expected a conditional expression and instead saw an assignment            no-cond-assign
  4:14068  warning  Expected a conditional expression and instead saw an assignment            no-cond-assign
  4:14482  warning  Expected a conditional expression and instead saw an assignment            no-cond-assign
  4:15585  warning  Unnecessary escape character: \/                                           no-useless-escape
  4:16076  warning  'ActiveXObject' is not defined                                             no-undef
  4:16460  warning  Unnecessary escape character: \/                                           no-useless-escape
  4:16472  warning  Unnecessary escape character: \/                                           no-useless-escape
  4:16771  warning  Expected a conditional expression and instead saw an assignment            no-cond-assign
  4:19260  warning  Expected a conditional expression and instead saw an assignment            no-cond-assign
  4:21151  warning  Expected a conditional expression and instead saw an assignment            no-cond-assign
  4:26098  warning  Empty block statement                                                      no-empty
  4:26175  warning  Empty block statement                                                      no-empty
  4:31348  warning  'define' is not defined                                                    no-undef
  4:31360  warning  'define' is not defined                                                    no-undef

/home/runner/work/exp-speech-production-mechanism-iiith/exp-speech-production-mechanism-iiith/experiment/simulation/js/npm.js
   2:1  warning  'require' is not defined  no-undef
   3:1  warning  'require' is not defined  no-undef
   4:1  warning  'require' is not defined  no-undef
   5:1  warning  'require' is not defined  no-undef
   6:1  warning  'require' is not defined  no-undef
   7:1  warning  'require' is not defined  no-undef
   8:1  warning  'require' is not defined  no-undef
   9:1  warning  'require' is not defined  no-undef
  10:1  warning  'require' is not defined  no-undef
  11:1  warning  'require' is not defined  no-undef
  12:1  warning  'require' is not defined  no-undef
  13:1  warning  'require' is not defined  no-undef

✖ 294 problems (1 error, 293 warnings)

